#
# There is insufficient memory for the Java Runtime Environment to continue.
# Native memory allocation (malloc) failed to allocate 875456 bytes for Chunk::new
# Possible reasons:
#   The system is out of physical RAM or swap space
#   The process is running with CompressedOops enabled, and the Java Heap may be blocking the growth of the native heap
# Possible solutions:
#   Reduce memory load on the system
#   Increase physical memory or swap space
#   Check if swap backing store is full
#   Decrease Java heap size (-Xmx/-Xms)
#   Decrease number of Java threads
#   Decrease Java thread stack sizes (-Xss)
#   Set larger code cache with -XX:ReservedCodeCacheSize=
#   JVM is running with Unscaled Compressed Oops mode in which the Java heap is
#     placed in the first 4GB address space. The Java Heap base address is the
#     maximum limit for the native heap growth. Please use -XX:HeapBaseMinAddress
#     to set the Java Heap base and to place the Java Heap above 4GB virtual address.
# This output file may be truncated or incomplete.
#
#  Out of Memory Error (arena.cpp:191), pid=18660, tid=1496
#
# JRE version: OpenJDK Runtime Environment Temurin-17.0.10+7 (17.0.10+7) (build 17.0.10+7)
# Java VM: OpenJDK 64-Bit Server VM Temurin-17.0.10+7 (17.0.10+7, mixed mode, tiered, compressed oops, compressed class ptrs, parallel gc, windows-amd64)
# No core dump will be written. Minidumps are not enabled by default on client versions of Windows
#

---------------  S U M M A R Y ------------

Command Line: --add-modules=ALL-SYSTEM --add-opens=java.base/java.util=ALL-UNNAMED --add-opens=java.base/java.lang=ALL-UNNAMED --add-opens=java.base/sun.nio.fs=ALL-UNNAMED -Declipse.application=org.eclipse.jdt.ls.core.id1 -Dosgi.bundles.defaultStartLevel=4 -Declipse.product=org.eclipse.jdt.ls.core.product -Djava.import.generatesMetadataFilesAtProjectRoot=false -DDetectVMInstallationsJob.disabled=true -Dfile.encoding=utf8 -XX:+UseParallelGC -XX:GCTimeRatio=4 -XX:AdaptiveSizePolicyWeight=90 -Dsun.zip.disableMemoryMapping=true -Xmx1G -Xms100m -Xlog:disable -javaagent:c:\Users\75678\.vscode\extensions\redhat.java-1.29.0-win32-x64\lombok\lombok-1.18.32.jar -XX:+HeapDumpOnOutOfMemoryError -XX:HeapDumpPath=c:\Users\75678\AppData\Roaming\Code\User\workspaceStorage\3f827f921e61194e3b2890c7be975000\redhat.java -Daether.dependencyCollector.impl=bf c:\Users\75678\.vscode\extensions\redhat.java-1.29.0-win32-x64\server\plugins\org.eclipse.equinox.launcher_1.6.800.v20240304-1850.jar -configuration c:\Users\75678\AppData\Roaming\Code\User\globalStorage\redhat.java\1.29.0\config_win -data c:\Users\75678\AppData\Roaming\Code\User\workspaceStorage\3f827f921e61194e3b2890c7be975000\redhat.java\jdt_ws --stdio

Host: AMD Ryzen 7 4800H with Radeon Graphics         , 16 cores, 15G,  Windows 10 , 64 bit Build 19041 (10.0.19041.3636)
Time: Sun Apr 14 15:51:48 2024  Windows 10 , 64 bit Build 19041 (10.0.19041.3636) elapsed time: 5.665248 seconds (0d 0h 0m 5s)

---------------  T H R E A D  ---------------

Current thread (0x00000155a6b25660):  JavaThread "C2 CompilerThread2" daemon [_thread_in_native, id=1496, stack(0x0000001879200000,0x0000001879300000)]


Current CompileTask:
C2:   5665 4384       4       org.eclipse.osgi.internal.loader.BundleLoader::addExportedProvidersFor (167 bytes)

Stack: [0x0000001879200000,0x0000001879300000]
Native frames: (J=compiled Java code, j=interpreted, Vv=VM code, C=native code)
V  [jvm.dll+0x67d2c9]
V  [jvm.dll+0x834afa]
V  [jvm.dll+0x8365be]
V  [jvm.dll+0x836c23]
V  [jvm.dll+0x2477ff]
V  [jvm.dll+0xac514]
V  [jvm.dll+0xacb5c]
V  [jvm.dll+0x2aed1f]
V  [jvm.dll+0x584b67]
V  [jvm.dll+0x2228a2]
V  [jvm.dll+0x222c8f]
V  [jvm.dll+0x21bdb6]
V  [jvm.dll+0x219201]
V  [jvm.dll+0x1a502d]
V  [jvm.dll+0x2290de]
V  [jvm.dll+0x2272ac]
V  [jvm.dll+0x7e9bb7]
V  [jvm.dll+0x7e3fba]
V  [jvm.dll+0x67c1b5]
C  [ucrtbase.dll+0x21bb2]
C  [KERNEL32.DLL+0x17344]
C  [ntdll.dll+0x526b1]


---------------  P R O C E S S  ---------------

Threads class SMR info:
_java_thread_list=0x00000155abc0de10, length=35, elements={
0x000001558b7f24c0, 0x00000155a160c4f0, 0x00000155a160dca0, 0x00000155a6999670,
0x00000155a699a400, 0x00000155a699b190, 0x00000155a699bc60, 0x00000155a699ca60,
0x00000155a6a00360, 0x00000155a6a03030, 0x00000155a6ad73b0, 0x00000155a6b25110,
0x00000155a6b27640, 0x00000155a6b25bb0, 0x00000155a87e3af0, 0x00000155a8fa7430,
0x00000155a8fa50c0, 0x00000155a8fa6f20, 0x00000155a8fa7940, 0x00000155a8fa6500,
0x00000155a8fa6a10, 0x00000155a8fa5ff0, 0x00000155a8fa55d0, 0x00000155a8fa5ae0,
0x00000155a6b26100, 0x00000155a6b25660, 0x00000155a8fa4190, 0x00000155ab674ec0,
0x00000155ab673060, 0x00000155ab6749b0, 0x00000155ab676300, 0x00000155a6b270f0,
0x00000155a6b24120, 0x00000155ab6758e0, 0x00000155ab676810
}

Java Threads: ( => current thread )
  0x000001558b7f24c0 JavaThread "main" [_thread_in_Java, id=41132, stack(0x0000001876a00000,0x0000001876b00000)]
  0x00000155a160c4f0 JavaThread "Reference Handler" daemon [_thread_blocked, id=32860, stack(0x0000001876d00000,0x0000001876e00000)]
  0x00000155a160dca0 JavaThread "Finalizer" daemon [_thread_blocked, id=42160, stack(0x0000001876e00000,0x0000001876f00000)]
  0x00000155a6999670 JavaThread "Signal Dispatcher" daemon [_thread_blocked, id=42600, stack(0x0000001876f00000,0x0000001877000000)]
  0x00000155a699a400 JavaThread "Attach Listener" daemon [_thread_blocked, id=10692, stack(0x0000001877000000,0x0000001877100000)]
  0x00000155a699b190 JavaThread "Service Thread" daemon [_thread_blocked, id=40444, stack(0x0000001877100000,0x0000001877200000)]
  0x00000155a699bc60 JavaThread "Monitor Deflation Thread" daemon [_thread_blocked, id=39140, stack(0x0000001877200000,0x0000001877300000)]
  0x00000155a699ca60 JavaThread "C2 CompilerThread0" daemon [_thread_in_native, id=40340, stack(0x0000001877300000,0x0000001877400000)]
  0x00000155a6a00360 JavaThread "C1 CompilerThread0" daemon [_thread_blocked, id=22912, stack(0x0000001877400000,0x0000001877500000)]
  0x00000155a6a03030 JavaThread "Sweeper thread" daemon [_thread_blocked, id=41236, stack(0x0000001877500000,0x0000001877600000)]
  0x00000155a6ad73b0 JavaThread "Common-Cleaner" daemon [_thread_blocked, id=38160, stack(0x0000001877600000,0x0000001877700000)]
  0x00000155a6b25110 JavaThread "C1 CompilerThread1" daemon [_thread_in_native, id=18772, stack(0x0000001877700000,0x0000001877800000)]
  0x00000155a6b27640 JavaThread "C1 CompilerThread2" daemon [_thread_blocked, id=25468, stack(0x0000001877900000,0x0000001877a00000)]
  0x00000155a6b25bb0 JavaThread "C1 CompilerThread3" daemon [_thread_in_vm, id=42424, stack(0x0000001877a00000,0x0000001877b00000)]
  0x00000155a87e3af0 JavaThread "Notification Thread" daemon [_thread_blocked, id=19572, stack(0x0000001877b00000,0x0000001877c00000)]
  0x00000155a8fa7430 JavaThread "Active Thread: Equinox Container: c10a4257-d1ef-4eea-ac79-5f293a95a20f" [_thread_blocked, id=37372, stack(0x0000001878300000,0x0000001878400000)]
  0x00000155a8fa50c0 JavaThread "Framework Event Dispatcher: Equinox Container: c10a4257-d1ef-4eea-ac79-5f293a95a20f" daemon [_thread_blocked, id=37872, stack(0x0000001878400000,0x0000001878500000)]
  0x00000155a8fa6f20 JavaThread "Start Level: Equinox Container: c10a4257-d1ef-4eea-ac79-5f293a95a20f" daemon [_thread_blocked, id=36544, stack(0x0000001878500000,0x0000001878600000)]
  0x00000155a8fa7940 JavaThread "Bundle File Closer" daemon [_thread_blocked, id=33160, stack(0x0000001878800000,0x0000001878900000)]
  0x00000155a8fa6500 JavaThread "SCR Component Actor" daemon [_thread_blocked, id=34232, stack(0x0000001878200000,0x0000001878300000)]
  0x00000155a8fa6a10 JavaThread "SCR Component Registry" daemon [_thread_blocked, id=34680, stack(0x0000001878900000,0x0000001878a00000)]
  0x00000155a8fa5ff0 JavaThread "Worker-JM" [_thread_blocked, id=33540, stack(0x0000001878a00000,0x0000001878b00000)]
  0x00000155a8fa55d0 JavaThread "Worker-0: Repository registry initialization" [_thread_blocked, id=10884, stack(0x0000001878e00000,0x0000001878f00000)]
  0x00000155a8fa5ae0 JavaThread "Worker-1: Updating Maven Dependencies" [_thread_in_native, id=35340, stack(0x0000001878f00000,0x0000001879000000)] _threads_hazard_ptr=0x00000155abc0de10
  0x00000155a6b26100 JavaThread "C2 CompilerThread1" daemon [_thread_in_native, id=34404, stack(0x0000001879100000,0x0000001879200000)]
=>0x00000155a6b25660 JavaThread "C2 CompilerThread2" daemon [_thread_in_native, id=1496, stack(0x0000001879200000,0x0000001879300000)]
  0x00000155a8fa4190 JavaThread "Java indexing" daemon [_thread_blocked, id=41256, stack(0x0000001879300000,0x0000001879400000)]
  0x00000155ab674ec0 JavaThread "JNA Cleaner" daemon [_thread_blocked, id=11896, stack(0x0000001879400000,0x0000001879500000)]
  0x00000155ab673060 JavaThread "Worker-2" [_thread_blocked, id=36724, stack(0x0000001879500000,0x0000001879600000)]
  0x00000155ab6749b0 JavaThread "Worker-3" [_thread_blocked, id=40480, stack(0x0000001879600000,0x0000001879700000)]
  0x00000155ab676300 JavaThread "pool-2-thread-1" [_thread_blocked, id=36216, stack(0x0000001879700000,0x0000001879800000)]
  0x00000155a6b270f0 JavaThread "C2 CompilerThread3" daemon [_thread_in_native, id=34416, stack(0x0000001879800000,0x0000001879900000)]
  0x00000155a6b24120 JavaThread "C2 CompilerThread4" daemon [_thread_blocked, id=40976, stack(0x0000001879900000,0x0000001879a00000)]
  0x00000155ab6758e0 JavaThread "WorkspaceEventsHandler" [_thread_blocked, id=41324, stack(0x0000001879a00000,0x0000001879b00000)]
  0x00000155ab676810 JavaThread "pool-1-thread-1" [_thread_in_vm, id=29520, stack(0x0000001879b00000,0x0000001879c00000)]

Other Threads:
  0x000001558b8a9b10 VMThread "VM Thread" [stack: 0x0000001876c00000,0x0000001876d00000] [id=40900]
  0x00000155a881b280 WatcherThread [stack: 0x0000001877c00000,0x0000001877d00000] [id=5836]
  0x000001558b806fb0 GCTaskThread "GC Thread#0" [stack: 0x0000001876b00000,0x0000001876c00000] [id=3064]
  0x00000155a8cbd910 GCTaskThread "GC Thread#1" [stack: 0x0000001877800000,0x0000001877900000] [id=38172]
  0x00000155a8d79120 GCTaskThread "GC Thread#2" [stack: 0x0000001877d00000,0x0000001877e00000] [id=33364]
  0x00000155a8d793e0 GCTaskThread "GC Thread#3" [stack: 0x0000001877e00000,0x0000001877f00000] [id=32232]
  0x00000155a8d796a0 GCTaskThread "GC Thread#4" [stack: 0x0000001877f00000,0x0000001878000000] [id=34352]
  0x00000155a8d79f30 GCTaskThread "GC Thread#5" [stack: 0x0000001878000000,0x0000001878100000] [id=34332]
  0x00000155a8d79c70 GCTaskThread "GC Thread#6" [stack: 0x0000001878600000,0x0000001878700000] [id=33488]
  0x00000155a8d7a1f0 GCTaskThread "GC Thread#7" [stack: 0x0000001878700000,0x0000001878800000] [id=37612]
  0x00000155a8d7b530 GCTaskThread "GC Thread#8" [stack: 0x0000001878100000,0x0000001878200000] [id=36136]
  0x00000155a8d7b270 GCTaskThread "GC Thread#9" [stack: 0x0000001878b00000,0x0000001878c00000] [id=28540]
  0x00000155a8d7acf0 GCTaskThread "GC Thread#10" [stack: 0x0000001878c00000,0x0000001878d00000] [id=35444]
  0x00000155a8d7afb0 GCTaskThread "GC Thread#11" [stack: 0x0000001878d00000,0x0000001878e00000] [id=23964]
  0x00000155a8d799b0 GCTaskThread "GC Thread#12" [stack: 0x0000001879000000,0x0000001879100000] [id=42960]

Threads with active compile tasks:
C2 CompilerThread0     5728 4226   !   4       org.eclipse.osgi.internal.loader.classpath.ClasspathManager::findClassImpl (308 bytes)
C1 CompilerThread0     5728 4683       1       org.eclipse.jdt.ls.core.internal.LogReader$LogEntry::setMessage (6 bytes)
C1 CompilerThread1     5728 4681       3       java.time.LocalDate::plusDays (170 bytes)
C1 CompilerThread2     5729 4686       3       java.time.zone.ZoneOffsetTransition::getDurationSeconds (16 bytes)
C1 CompilerThread3     5729 4685       3       java.time.zone.ZoneOffsetTransition::getDateTimeAfter (13 bytes)
C2 CompilerThread1     5729 4357   !   4       org.eclipse.osgi.internal.loader.classpath.ClasspathManager::findLocalClass (210 bytes)
C2 CompilerThread2     5729 4384       4       org.eclipse.osgi.internal.loader.BundleLoader::addExportedProvidersFor (167 bytes)
C2 CompilerThread3     5729 4648       4       jdk.internal.org.objectweb.asm.SymbolTable::addConstantUtf8 (98 bytes)
C2 CompilerThread4     5730 4679       4       java.lang.Long::stringSize (55 bytes)

VM state: not at safepoint (normal execution)

VM Mutex/Monitor currently owned by a thread: None

Heap address: 0x00000000c0000000, size: 1024 MB, Compressed Oops mode: 32-bit

CDS archive(s) not mapped
Compressed class space mapped at: 0x0000000100000000-0x0000000140000000, reserved size: 1073741824
Narrow klass base: 0x0000000000000000, Narrow klass shift: 3, Narrow klass range: 0x140000000

GC Precious Log:
 CPUs: 16 total, 16 available
 Memory: 15741M
 Large Page Support: Disabled
 NUMA Support: Disabled
 Compressed Oops: Enabled (32-bit)
 Alignments: Space 512K, Generation 512K, Heap 2M
 Heap Min Capacity: 100M
 Heap Initial Capacity: 100M
 Heap Max Capacity: 1G
 Pre-touch: Disabled
 Parallel Workers: 13

Heap:
 PSYoungGen      total 23552K, used 14504K [0x00000000eab00000, 0x00000000ec580000, 0x0000000100000000)
  eden space 22528K, 60% used [0x00000000eab00000,0x00000000eb856198,0x00000000ec100000)
  from space 1024K, 82% used [0x00000000ec480000,0x00000000ec554010,0x00000000ec580000)
  to   space 1536K, 0% used [0x00000000ec280000,0x00000000ec280000,0x00000000ec400000)
 ParOldGen       total 68608K, used 16094K [0x00000000c0000000, 0x00000000c4300000, 0x00000000eab00000)
  object space 68608K, 23% used [0x00000000c0000000,0x00000000c0fb7a10,0x00000000c4300000)
 Metaspace       used 42209K, committed 43136K, reserved 1114112K
  class space    used 4357K, committed 4736K, reserved 1048576K

Card table byte_map: [0x000001559eea0000,0x000001559f0b0000] _byte_map_base: 0x000001559e8a0000

Marking Bits: (ParMarkBitMap*) 0x00007ffce6e3d7d0
 Begin Bits: [0x000001559f210000, 0x00000155a0210000)
 End Bits:   [0x00000155a0210000, 0x00000155a1210000)

Polling page: 0x000001558b4d0000

Metaspace:

Usage:
  Non-class:     36.97 MB used.
      Class:      4.26 MB used.
       Both:     41.22 MB used.

Virtual space:
  Non-class space:       64.00 MB reserved,      37.50 MB ( 59%) committed,  1 nodes.
      Class space:        1.00 GB reserved,       4.62 MB ( <1%) committed,  1 nodes.
             Both:        1.06 GB reserved,      42.12 MB (  4%) committed. 

Chunk freelists:
   Non-Class:  10.17 MB
       Class:  11.28 MB
        Both:  21.45 MB

MaxMetaspaceSize: unlimited
CompressedClassSpaceSize: 1.00 GB
Initial GC threshold: 21.00 MB
Current GC threshold: 58.38 MB
CDS: off
MetaspaceReclaimPolicy: balanced
 - commit_granule_bytes: 65536.
 - commit_granule_words: 8192.
 - virtual_space_node_default_size: 8388608.
 - enlarge_chunks_in_place: 1.
 - new_chunks_are_fully_committed: 0.
 - uncommit_free_chunks: 1.
 - use_allocation_guard: 0.
 - handle_deallocations: 1.


Internal statistics:

num_allocs_failed_limit: 6.
num_arena_births: 508.
num_arena_deaths: 14.
num_vsnodes_births: 2.
num_vsnodes_deaths: 0.
num_space_committed: 674.
num_space_uncommitted: 0.
num_chunks_returned_to_freelist: 20.
num_chunks_taken_from_freelist: 1970.
num_chunk_merges: 11.
num_chunk_splits: 1247.
num_chunks_enlarged: 749.
num_inconsistent_stats: 0.

CodeHeap 'non-profiled nmethods': size=119168Kb used=2131Kb max_used=2131Kb free=117037Kb
 bounds [0x0000015597860000, 0x0000015597ad0000, 0x000001559ecc0000]
CodeHeap 'profiled nmethods': size=119104Kb used=10168Kb max_used=10168Kb free=108936Kb
 bounds [0x000001558fcc0000, 0x00000155906b0000, 0x0000015597110000]
CodeHeap 'non-nmethods': size=7488Kb used=2982Kb max_used=3010Kb free=4505Kb
 bounds [0x0000015597110000, 0x0000015597410000, 0x0000015597860000]
 total_blobs=5315 nmethods=4694 adapters=532
 compilation: enabled
              stopped_count=0, restarted_count=0
 full_count=0

Compilation events (20 events):
Event: 5.659 Thread 0x00000155a6a00360 4522       3       java.util.stream.ReferencePipeline::toArray (18 bytes)
Event: 5.659 Thread 0x00000155a6b25110 4523       3       java.util.stream.AbstractPipeline::evaluateToArrayNode (78 bytes)
Event: 5.659 Thread 0x00000155a6b27640 4524       3       java.util.stream.AbstractPipeline::evaluate (44 bytes)
Event: 5.659 Thread 0x00000155a6b25bb0 4525       3       java.util.stream.AbstractPipeline::exactOutputSizeIfKnown (86 bytes)
Event: 5.659 Thread 0x00000155a6a00360 nmethod 4522 0x0000015590650010 code [0x00000155906501c0, 0x0000015590650408]
Event: 5.659 Thread 0x00000155a6a00360 4526       3       java.util.stream.ReferencePipeline::makeNodeBuilder (6 bytes)
Event: 5.660 Thread 0x00000155a6b25110 nmethod 4523 0x0000015590650510 code [0x0000015590650720, 0x0000015590650cd8]
Event: 5.660 Thread 0x00000155a6b25110 4527       3       java.util.stream.Nodes::builder (30 bytes)
Event: 5.660 Thread 0x00000155a6a00360 nmethod 4526 0x0000015590650e90 code [0x0000015590651020, 0x0000015590651168]
Event: 5.660 Thread 0x00000155a6b27640 nmethod 4524 0x0000015590651210 code [0x0000015590651460, 0x0000015590651d28]
Event: 5.660 Thread 0x00000155a6b25bb0 nmethod 4525 0x0000015590652010 code [0x0000015590652200, 0x00000155906528a8]
Event: 5.660 Thread 0x00000155a6b25bb0 4528       3       java.util.stream.Nodes$FixedNodeBuilder::begin (52 bytes)
Event: 5.660 Thread 0x00000155a6b25110 nmethod 4527 0x0000015590652b90 code [0x0000015590652d80, 0x0000015590653348]
Event: 5.660 Thread 0x00000155a6a00360 4529       3       java.util.stream.Nodes$FixedNodeBuilder::end (51 bytes)
Event: 5.661 Thread 0x00000155a6b25bb0 nmethod 4528 0x0000015590653590 code [0x0000015590653840, 0x0000015590654688]
Event: 5.661 Thread 0x00000155a6b27640 4530       3       java.util.stream.Nodes$FixedNodeBuilder::build (52 bytes)
Event: 5.661 Thread 0x00000155a6a00360 nmethod 4529 0x0000015590654c10 code [0x0000015590654ee0, 0x0000015590655f78]
Event: 5.661 Thread 0x00000155a6b27640 nmethod 4530 0x0000015590656590 code [0x0000015590656860, 0x00000155906578f8]
Event: 5.661 Thread 0x00000155a6b27640 4531       3       java.util.stream.Nodes$ArrayNode::asArray (25 bytes)
Event: 5.662 Thread 0x00000155a6b27640 nmethod 4531 0x0000015590657f10 code [0x00000155906580c0, 0x00000155906582e8]

GC Heap History (20 events):
Event: 3.480 GC heap before
{Heap before GC invocations=5 (full 0):
 PSYoungGen      total 29696K, used 8434K [0x00000000eab00000, 0x00000000ecc00000, 0x0000000100000000)
  eden space 25600K, 16% used [0x00000000eab00000,0x00000000eaf3cdf8,0x00000000ec400000)
  from space 4096K, 99% used [0x00000000ec800000,0x00000000ecbffba0,0x00000000ecc00000)
  to   space 4096K, 0% used [0x00000000ec400000,0x00000000ec400000,0x00000000ec800000)
 ParOldGen       total 68608K, used 6248K [0x00000000c0000000, 0x00000000c4300000, 0x00000000eab00000)
  object space 68608K, 9% used [0x00000000c0000000,0x00000000c061a000,0x00000000c4300000)
 Metaspace       used 21063K, committed 21504K, reserved 1114112K
  class space    used 2124K, committed 2304K, reserved 1048576K
}
Event: 3.483 GC heap after
{Heap after GC invocations=5 (full 0):
 PSYoungGen      total 29696K, used 4094K [0x00000000eab00000, 0x00000000ece00000, 0x0000000100000000)
  eden space 25600K, 0% used [0x00000000eab00000,0x00000000eab00000,0x00000000ec400000)
  from space 4096K, 99% used [0x00000000ec400000,0x00000000ec7ff878,0x00000000ec800000)
  to   space 5120K, 0% used [0x00000000ec900000,0x00000000ec900000,0x00000000ece00000)
 ParOldGen       total 68608K, used 6618K [0x00000000c0000000, 0x00000000c4300000, 0x00000000eab00000)
  object space 68608K, 9% used [0x00000000c0000000,0x00000000c06768a8,0x00000000c4300000)
 Metaspace       used 21063K, committed 21504K, reserved 1114112K
  class space    used 2124K, committed 2304K, reserved 1048576K
}
Event: 3.483 GC heap before
{Heap before GC invocations=6 (full 1):
 PSYoungGen      total 29696K, used 4094K [0x00000000eab00000, 0x00000000ece00000, 0x0000000100000000)
  eden space 25600K, 0% used [0x00000000eab00000,0x00000000eab00000,0x00000000ec400000)
  from space 4096K, 99% used [0x00000000ec400000,0x00000000ec7ff878,0x00000000ec800000)
  to   space 5120K, 0% used [0x00000000ec900000,0x00000000ec900000,0x00000000ece00000)
 ParOldGen       total 68608K, used 6618K [0x00000000c0000000, 0x00000000c4300000, 0x00000000eab00000)
  object space 68608K, 9% used [0x00000000c0000000,0x00000000c06768a8,0x00000000c4300000)
 Metaspace       used 21063K, committed 21504K, reserved 1114112K
  class space    used 2124K, committed 2304K, reserved 1048576K
}
Event: 3.504 GC heap after
{Heap after GC invocations=6 (full 1):
 PSYoungGen      total 29696K, used 0K [0x00000000eab00000, 0x00000000ece00000, 0x0000000100000000)
  eden space 25600K, 0% used [0x00000000eab00000,0x00000000eab00000,0x00000000ec400000)
  from space 4096K, 0% used [0x00000000ec400000,0x00000000ec400000,0x00000000ec800000)
  to   space 5120K, 0% used [0x00000000ec900000,0x00000000ec900000,0x00000000ece00000)
 ParOldGen       total 68608K, used 10372K [0x00000000c0000000, 0x00000000c4300000, 0x00000000eab00000)
  object space 68608K, 15% used [0x00000000c0000000,0x00000000c0a211b8,0x00000000c4300000)
 Metaspace       used 21063K, committed 21504K, reserved 1114112K
  class space    used 2124K, committed 2304K, reserved 1048576K
}
Event: 3.930 GC heap before
{Heap before GC invocations=7 (full 1):
 PSYoungGen      total 29696K, used 25600K [0x00000000eab00000, 0x00000000ece00000, 0x0000000100000000)
  eden space 25600K, 100% used [0x00000000eab00000,0x00000000ec400000,0x00000000ec400000)
  from space 4096K, 0% used [0x00000000ec400000,0x00000000ec400000,0x00000000ec800000)
  to   space 5120K, 0% used [0x00000000ec900000,0x00000000ec900000,0x00000000ece00000)
 ParOldGen       total 68608K, used 10372K [0x00000000c0000000, 0x00000000c4300000, 0x00000000eab00000)
  object space 68608K, 15% used [0x00000000c0000000,0x00000000c0a211b8,0x00000000c4300000)
 Metaspace       used 24422K, committed 25024K, reserved 1114112K
  class space    used 2470K, committed 2752K, reserved 1048576K
}
Event: 3.933 GC heap after
{Heap after GC invocations=7 (full 1):
 PSYoungGen      total 26624K, used 1360K [0x00000000eab00000, 0x00000000eca80000, 0x0000000100000000)
  eden space 25088K, 0% used [0x00000000eab00000,0x00000000eab00000,0x00000000ec380000)
  from space 1536K, 88% used [0x00000000ec900000,0x00000000eca54290,0x00000000eca80000)
  to   space 3072K, 0% used [0x00000000ec480000,0x00000000ec480000,0x00000000ec780000)
 ParOldGen       total 68608K, used 10380K [0x00000000c0000000, 0x00000000c4300000, 0x00000000eab00000)
  object space 68608K, 15% used [0x00000000c0000000,0x00000000c0a231b8,0x00000000c4300000)
 Metaspace       used 24422K, committed 25024K, reserved 1114112K
  class space    used 2470K, committed 2752K, reserved 1048576K
}
Event: 4.195 GC heap before
{Heap before GC invocations=8 (full 1):
 PSYoungGen      total 26624K, used 26448K [0x00000000eab00000, 0x00000000eca80000, 0x0000000100000000)
  eden space 25088K, 100% used [0x00000000eab00000,0x00000000ec380000,0x00000000ec380000)
  from space 1536K, 88% used [0x00000000ec900000,0x00000000eca54290,0x00000000eca80000)
  to   space 3072K, 0% used [0x00000000ec480000,0x00000000ec480000,0x00000000ec780000)
 ParOldGen       total 68608K, used 10380K [0x00000000c0000000, 0x00000000c4300000, 0x00000000eab00000)
  object space 68608K, 15% used [0x00000000c0000000,0x00000000c0a231b8,0x00000000c4300000)
 Metaspace       used 27377K, committed 27968K, reserved 1114112K
  class space    used 2792K, committed 3008K, reserved 1048576K
}
Event: 4.196 GC heap after
{Heap after GC invocations=8 (full 1):
 PSYoungGen      total 27648K, used 3044K [0x00000000eab00000, 0x00000000eca00000, 0x0000000100000000)
  eden space 24576K, 0% used [0x00000000eab00000,0x00000000eab00000,0x00000000ec300000)
  from space 3072K, 99% used [0x00000000ec480000,0x00000000ec779128,0x00000000ec780000)
  to   space 2560K, 0% used [0x00000000ec780000,0x00000000ec780000,0x00000000eca00000)
 ParOldGen       total 68608K, used 10388K [0x00000000c0000000, 0x00000000c4300000, 0x00000000eab00000)
  object space 68608K, 15% used [0x00000000c0000000,0x00000000c0a251b8,0x00000000c4300000)
 Metaspace       used 27377K, committed 27968K, reserved 1114112K
  class space    used 2792K, committed 3008K, reserved 1048576K
}
Event: 4.361 GC heap before
{Heap before GC invocations=9 (full 1):
 PSYoungGen      total 27648K, used 27620K [0x00000000eab00000, 0x00000000eca00000, 0x0000000100000000)
  eden space 24576K, 100% used [0x00000000eab00000,0x00000000ec300000,0x00000000ec300000)
  from space 3072K, 99% used [0x00000000ec480000,0x00000000ec779128,0x00000000ec780000)
  to   space 2560K, 0% used [0x00000000ec780000,0x00000000ec780000,0x00000000eca00000)
 ParOldGen       total 68608K, used 10388K [0x00000000c0000000, 0x00000000c4300000, 0x00000000eab00000)
  object space 68608K, 15% used [0x00000000c0000000,0x00000000c0a251b8,0x00000000c4300000)
 Metaspace       used 29878K, committed 30528K, reserved 1114112K
  class space    used 2945K, committed 3200K, reserved 1048576K
}
Event: 4.362 GC heap after
{Heap after GC invocations=9 (full 1):
 PSYoungGen      total 26624K, used 2542K [0x00000000eab00000, 0x00000000eca00000, 0x0000000100000000)
  eden space 24064K, 0% used [0x00000000eab00000,0x00000000eab00000,0x00000000ec280000)
  from space 2560K, 99% used [0x00000000ec780000,0x00000000ec9fbb10,0x00000000eca00000)
  to   space 3072K, 0% used [0x00000000ec400000,0x00000000ec400000,0x00000000ec700000)
 ParOldGen       total 68608K, used 10844K [0x00000000c0000000, 0x00000000c4300000, 0x00000000eab00000)
  object space 68608K, 15% used [0x00000000c0000000,0x00000000c0a971c8,0x00000000c4300000)
 Metaspace       used 29878K, committed 30528K, reserved 1114112K
  class space    used 2945K, committed 3200K, reserved 1048576K
}
Event: 4.523 GC heap before
{Heap before GC invocations=10 (full 1):
 PSYoungGen      total 26624K, used 26606K [0x00000000eab00000, 0x00000000eca00000, 0x0000000100000000)
  eden space 24064K, 100% used [0x00000000eab00000,0x00000000ec280000,0x00000000ec280000)
  from space 2560K, 99% used [0x00000000ec780000,0x00000000ec9fbb10,0x00000000eca00000)
  to   space 3072K, 0% used [0x00000000ec400000,0x00000000ec400000,0x00000000ec700000)
 ParOldGen       total 68608K, used 10844K [0x00000000c0000000, 0x00000000c4300000, 0x00000000eab00000)
  object space 68608K, 15% used [0x00000000c0000000,0x00000000c0a971c8,0x00000000c4300000)
 Metaspace       used 32197K, committed 32832K, reserved 1114112K
  class space    used 3126K, committed 3392K, reserved 1048576K
}
Event: 4.526 GC heap after
{Heap after GC invocations=10 (full 1):
 PSYoungGen      total 26112K, used 2323K [0x00000000eab00000, 0x00000000ec800000, 0x0000000100000000)
  eden space 23552K, 0% used [0x00000000eab00000,0x00000000eab00000,0x00000000ec200000)
  from space 2560K, 90% used [0x00000000ec400000,0x00000000ec644ca8,0x00000000ec680000)
  to   space 1536K, 0% used [0x00000000ec680000,0x00000000ec680000,0x00000000ec800000)
 ParOldGen       total 68608K, used 13029K [0x00000000c0000000, 0x00000000c4300000, 0x00000000eab00000)
  object space 68608K, 18% used [0x00000000c0000000,0x00000000c0cb9630,0x00000000c4300000)
 Metaspace       used 32197K, committed 32832K, reserved 1114112K
  class space    used 3126K, committed 3392K, reserved 1048576K
}
Event: 4.981 GC heap before
{Heap before GC invocations=11 (full 1):
 PSYoungGen      total 26112K, used 25428K [0x00000000eab00000, 0x00000000ec800000, 0x0000000100000000)
  eden space 23552K, 98% used [0x00000000eab00000,0x00000000ec190558,0x00000000ec200000)
  from space 2560K, 90% used [0x00000000ec400000,0x00000000ec644ca8,0x00000000ec680000)
  to   space 1536K, 0% used [0x00000000ec680000,0x00000000ec680000,0x00000000ec800000)
 ParOldGen       total 68608K, used 13029K [0x00000000c0000000, 0x00000000c4300000, 0x00000000eab00000)
  object space 68608K, 18% used [0x00000000c0000000,0x00000000c0cb9630,0x00000000c4300000)
 Metaspace       used 35164K, committed 35840K, reserved 1114112K
  class space    used 3437K, committed 3712K, reserved 1048576K
}
Event: 4.982 GC heap after
{Heap after GC invocations=11 (full 1):
 PSYoungGen      total 25088K, used 1515K [0x00000000eab00000, 0x00000000eca00000, 0x0000000100000000)
  eden space 23552K, 0% used [0x00000000eab00000,0x00000000eab00000,0x00000000ec200000)
  from space 1536K, 98% used [0x00000000ec680000,0x00000000ec7fae78,0x00000000ec800000)
  to   space 4096K, 0% used [0x00000000ec200000,0x00000000ec200000,0x00000000ec600000)
 ParOldGen       total 68608K, used 15002K [0x00000000c0000000, 0x00000000c4300000, 0x00000000eab00000)
  object space 68608K, 21% used [0x00000000c0000000,0x00000000c0ea6920,0x00000000c4300000)
 Metaspace       used 35164K, committed 35840K, reserved 1114112K
  class space    used 3437K, committed 3712K, reserved 1048576K
}
Event: 4.982 GC heap before
{Heap before GC invocations=12 (full 2):
 PSYoungGen      total 25088K, used 1515K [0x00000000eab00000, 0x00000000eca00000, 0x0000000100000000)
  eden space 23552K, 0% used [0x00000000eab00000,0x00000000eab00000,0x00000000ec200000)
  from space 1536K, 98% used [0x00000000ec680000,0x00000000ec7fae78,0x00000000ec800000)
  to   space 4096K, 0% used [0x00000000ec200000,0x00000000ec200000,0x00000000ec600000)
 ParOldGen       total 68608K, used 15002K [0x00000000c0000000, 0x00000000c4300000, 0x00000000eab00000)
  object space 68608K, 21% used [0x00000000c0000000,0x00000000c0ea6920,0x00000000c4300000)
 Metaspace       used 35164K, committed 35840K, reserved 1114112K
  class space    used 3437K, committed 3712K, reserved 1048576K
}
Event: 5.005 GC heap after
{Heap after GC invocations=12 (full 2):
 PSYoungGen      total 25088K, used 0K [0x00000000eab00000, 0x00000000eca00000, 0x0000000100000000)
  eden space 23552K, 0% used [0x00000000eab00000,0x00000000eab00000,0x00000000ec200000)
  from space 1536K, 0% used [0x00000000ec680000,0x00000000ec680000,0x00000000ec800000)
  to   space 4096K, 0% used [0x00000000ec200000,0x00000000ec200000,0x00000000ec600000)
 ParOldGen       total 68608K, used 14999K [0x00000000c0000000, 0x00000000c4300000, 0x00000000eab00000)
  object space 68608K, 21% used [0x00000000c0000000,0x00000000c0ea5e80,0x00000000c4300000)
 Metaspace       used 35151K, committed 35840K, reserved 1114112K
  class space    used 3434K, committed 3712K, reserved 1048576K
}
Event: 5.366 GC heap before
{Heap before GC invocations=13 (full 2):
 PSYoungGen      total 25088K, used 23552K [0x00000000eab00000, 0x00000000eca00000, 0x0000000100000000)
  eden space 23552K, 100% used [0x00000000eab00000,0x00000000ec200000,0x00000000ec200000)
  from space 1536K, 0% used [0x00000000ec680000,0x00000000ec680000,0x00000000ec800000)
  to   space 4096K, 0% used [0x00000000ec200000,0x00000000ec200000,0x00000000ec600000)
 ParOldGen       total 68608K, used 14999K [0x00000000c0000000, 0x00000000c4300000, 0x00000000eab00000)
  object space 68608K, 21% used [0x00000000c0000000,0x00000000c0ea5e80,0x00000000c4300000)
 Metaspace       used 38452K, committed 39232K, reserved 1114112K
  class space    used 3839K, committed 4160K, reserved 1048576K
}
Event: 5.368 GC heap after
{Heap after GC invocations=13 (full 2):
 PSYoungGen      total 24576K, used 1251K [0x00000000eab00000, 0x00000000ec700000, 0x0000000100000000)
  eden space 23040K, 0% used [0x00000000eab00000,0x00000000eab00000,0x00000000ec180000)
  from space 1536K, 81% used [0x00000000ec200000,0x00000000ec338da0,0x00000000ec380000)
  to   space 2560K, 0% used [0x00000000ec480000,0x00000000ec480000,0x00000000ec700000)
 ParOldGen       total 68608K, used 15007K [0x00000000c0000000, 0x00000000c4300000, 0x00000000eab00000)
  object space 68608K, 21% used [0x00000000c0000000,0x00000000c0ea7e80,0x00000000c4300000)
 Metaspace       used 38452K, committed 39232K, reserved 1114112K
  class space    used 3839K, committed 4160K, reserved 1048576K
}
Event: 5.589 GC heap before
{Heap before GC invocations=14 (full 2):
 PSYoungGen      total 24576K, used 24291K [0x00000000eab00000, 0x00000000ec700000, 0x0000000100000000)
  eden space 23040K, 100% used [0x00000000eab00000,0x00000000ec180000,0x00000000ec180000)
  from space 1536K, 81% used [0x00000000ec200000,0x00000000ec338da0,0x00000000ec380000)
  to   space 2560K, 0% used [0x00000000ec480000,0x00000000ec480000,0x00000000ec700000)
 ParOldGen       total 68608K, used 15007K [0x00000000c0000000, 0x00000000c4300000, 0x00000000eab00000)
  object space 68608K, 21% used [0x00000000c0000000,0x00000000c0ea7e80,0x00000000c4300000)
 Metaspace       used 41200K, committed 42048K, reserved 1114112K
  class space    used 4237K, committed 4608K, reserved 1048576K
}
Event: 5.591 GC heap after
{Heap after GC invocations=14 (full 2):
 PSYoungGen      total 23552K, used 848K [0x00000000eab00000, 0x00000000ec580000, 0x0000000100000000)
  eden space 22528K, 0% used [0x00000000eab00000,0x00000000eab00000,0x00000000ec100000)
  from space 1024K, 82% used [0x00000000ec480000,0x00000000ec554010,0x00000000ec580000)
  to   space 1536K, 0% used [0x00000000ec280000,0x00000000ec280000,0x00000000ec400000)
 ParOldGen       total 68608K, used 16094K [0x00000000c0000000, 0x00000000c4300000, 0x00000000eab00000)
  object space 68608K, 23% used [0x00000000c0000000,0x00000000c0fb7a10,0x00000000c4300000)
 Metaspace       used 41200K, committed 42048K, reserved 1114112K
  class space    used 4237K, committed 4608K, reserved 1048576K
}

Dll operation events (10 events):
Event: 0.017 Loaded shared library c:\Users\75678\.vscode\extensions\redhat.java-1.29.0-win32-x64\jre\17.0.10-win32-x86_64\bin\java.dll
Event: 0.274 Loaded shared library c:\Users\75678\.vscode\extensions\redhat.java-1.29.0-win32-x64\jre\17.0.10-win32-x86_64\bin\zip.dll
Event: 0.280 Loaded shared library C:\Users\75678\.vscode\extensions\redhat.java-1.29.0-win32-x64\jre\17.0.10-win32-x86_64\bin\instrument.dll
Event: 0.295 Loaded shared library C:\Users\75678\.vscode\extensions\redhat.java-1.29.0-win32-x64\jre\17.0.10-win32-x86_64\bin\net.dll
Event: 0.299 Loaded shared library C:\Users\75678\.vscode\extensions\redhat.java-1.29.0-win32-x64\jre\17.0.10-win32-x86_64\bin\nio.dll
Event: 0.309 Loaded shared library C:\Users\75678\.vscode\extensions\redhat.java-1.29.0-win32-x64\jre\17.0.10-win32-x86_64\bin\zip.dll
Event: 0.333 Loaded shared library C:\Users\75678\.vscode\extensions\redhat.java-1.29.0-win32-x64\jre\17.0.10-win32-x86_64\bin\jimage.dll
Event: 0.456 Loaded shared library c:\Users\75678\.vscode\extensions\redhat.java-1.29.0-win32-x64\jre\17.0.10-win32-x86_64\bin\verify.dll
Event: 1.941 Loaded shared library C:\Users\75678\AppData\Roaming\Code\User\globalStorage\redhat.java\1.29.0\config_win\org.eclipse.equinox.launcher\org.eclipse.equinox.launcher.win32.win32.x86_64_1.2.900.v20240213-1244\eclipse_11900.dll
Event: 5.105 Loaded shared library C:\Users\75678\AppData\Local\Temp\jna-52426233\jna3651089738629093729.dll

Deoptimization events (20 events):
Event: 5.574 Thread 0x00000155a8fa5ae0 Uncommon trap: trap_request=0xffffffde fr.pc=0x000001559798dd8c relative=0x00000000000001cc
Event: 5.574 Thread 0x00000155a8fa5ae0 Uncommon trap: reason=class_check action=maybe_recompile pc=0x000001559798dd8c method=java.io.BufferedInputStream.read1([BII)I @ 39 c2
Event: 5.574 Thread 0x00000155a8fa5ae0 DEOPT PACKING pc=0x000001559798dd8c sp=0x0000001878ffd810
Event: 5.575 Thread 0x00000155a8fa5ae0 DEOPT UNPACKING pc=0x00000155971666a3 sp=0x0000001878ffd798 mode 2
Event: 5.588 Thread 0x00000155a8fa5ae0 Uncommon trap: trap_request=0xffffff45 fr.pc=0x000001559796c590 relative=0x00000000000000f0
Event: 5.588 Thread 0x00000155a8fa5ae0 Uncommon trap: reason=unstable_if action=reinterpret pc=0x000001559796c590 method=java.util.ArrayList.indexOfRange(Ljava/lang/Object;II)I @ 7 c2
Event: 5.588 Thread 0x00000155a8fa5ae0 DEOPT PACKING pc=0x000001559796c590 sp=0x0000001878ffdfc0
Event: 5.588 Thread 0x00000155a8fa5ae0 DEOPT UNPACKING pc=0x00000155971666a3 sp=0x0000001878ffdf40 mode 2
Event: 5.588 Thread 0x00000155a8fa5ae0 Uncommon trap: trap_request=0xffffffde fr.pc=0x000001559798dd8c relative=0x00000000000001cc
Event: 5.588 Thread 0x00000155a8fa5ae0 Uncommon trap: reason=class_check action=maybe_recompile pc=0x000001559798dd8c method=java.io.BufferedInputStream.read1([BII)I @ 39 c2
Event: 5.588 Thread 0x00000155a8fa5ae0 DEOPT PACKING pc=0x000001559798dd8c sp=0x0000001878ffd650
Event: 5.588 Thread 0x00000155a8fa5ae0 DEOPT UNPACKING pc=0x00000155971666a3 sp=0x0000001878ffd5d8 mode 2
Event: 5.595 Thread 0x00000155a8fa5ae0 Uncommon trap: trap_request=0xffffffde fr.pc=0x000001559798dd8c relative=0x00000000000001cc
Event: 5.595 Thread 0x00000155a8fa5ae0 Uncommon trap: reason=class_check action=maybe_recompile pc=0x000001559798dd8c method=java.io.BufferedInputStream.read1([BII)I @ 39 c2
Event: 5.595 Thread 0x00000155a8fa5ae0 DEOPT PACKING pc=0x000001559798dd8c sp=0x0000001878ffd650
Event: 5.595 Thread 0x00000155a8fa5ae0 DEOPT UNPACKING pc=0x00000155971666a3 sp=0x0000001878ffd5d8 mode 2
Event: 5.648 Thread 0x000001558b7f24c0 Uncommon trap: trap_request=0xffffffde fr.pc=0x0000015597a220bc relative=0x000000000000003c
Event: 5.648 Thread 0x000001558b7f24c0 Uncommon trap: reason=class_check action=maybe_recompile pc=0x0000015597a220bc method=java.lang.StringConcatHelper.stringOf(Ljava/lang/Object;)Ljava/lang/String; @ 5 c2
Event: 5.648 Thread 0x000001558b7f24c0 DEOPT PACKING pc=0x0000015597a220bc sp=0x0000001876afdb90
Event: 5.648 Thread 0x000001558b7f24c0 DEOPT UNPACKING pc=0x00000155971666a3 sp=0x0000001876afdb20 mode 2

Classes unloaded (7 events):
Event: 4.985 Thread 0x000001558b8a9b10 Unloading class 0x000000010024c400 'java/lang/invoke/LambdaForm$MH+0x000000010024c400'
Event: 4.985 Thread 0x000001558b8a9b10 Unloading class 0x000000010024c000 'java/lang/invoke/LambdaForm$MH+0x000000010024c000'
Event: 4.985 Thread 0x000001558b8a9b10 Unloading class 0x000000010024bc00 'java/lang/invoke/LambdaForm$MH+0x000000010024bc00'
Event: 4.985 Thread 0x000001558b8a9b10 Unloading class 0x000000010024b800 'java/lang/invoke/LambdaForm$MH+0x000000010024b800'
Event: 4.985 Thread 0x000001558b8a9b10 Unloading class 0x000000010024b400 'java/lang/invoke/LambdaForm$BMH+0x000000010024b400'
Event: 4.985 Thread 0x000001558b8a9b10 Unloading class 0x000000010024b000 'java/lang/invoke/LambdaForm$DMH+0x000000010024b000'
Event: 4.985 Thread 0x000001558b8a9b10 Unloading class 0x0000000100248400 'java/lang/invoke/LambdaForm$DMH+0x0000000100248400'

Classes redefined (0 events):
No events

Internal exceptions (20 events):
Event: 5.160 Thread 0x00000155a8fa5ae0 Exception <a 'java/lang/NoSuchMethodError'{0x00000000eb10c258}: 'int java.lang.invoke.DirectMethodHandle$Holder.invokeStaticInit(java.lang.Object, int, int)'> (0x00000000eb10c258) 
thrown [s\src\hotspot\share\interpreter\linkResolver.cpp, line 759]
Event: 5.161 Thread 0x00000155a8fa5ae0 Exception <a 'java/lang/NoSuchMethodError'{0x00000000eb114158}: 'int java.lang.invoke.DirectMethodHandle$Holder.invokeStaticInit(java.lang.Object, long, long)'> (0x00000000eb114158) 
thrown [s\src\hotspot\share\interpreter\linkResolver.cpp, line 759]
Event: 5.162 Thread 0x00000155a8fa5ae0 Exception <a 'java/lang/NoSuchMethodError'{0x00000000eb11b710}: 'int java.lang.invoke.DirectMethodHandle$Holder.invokeStaticInit(java.lang.Object, float, float)'> (0x00000000eb11b710) 
thrown [s\src\hotspot\share\interpreter\linkResolver.cpp, line 759]
Event: 5.163 Thread 0x00000155a8fa5ae0 Exception <a 'java/lang/NoSuchMethodError'{0x00000000eb122a20}: 'int java.lang.invoke.DirectMethodHandle$Holder.invokeStaticInit(java.lang.Object, double, double)'> (0x00000000eb122a20) 
thrown [s\src\hotspot\share\interpreter\linkResolver.cpp, line 759]
Event: 5.164 Thread 0x00000155a8fa5ae0 Exception <a 'java/lang/NoSuchMethodError'{0x00000000eb1274b8}: 'int java.lang.invoke.DirectMethodHandle$Holder.invokeStatic(java.lang.Object, long)'> (0x00000000eb1274b8) 
thrown [s\src\hotspot\share\interpreter\linkResolver.cpp, line 759]
Event: 5.166 Thread 0x00000155a8fa6f20 Exception <a 'java/lang/UnsatisfiedLinkError'{0x00000000eb13ee78}: 找不到指定的程序。
> (0x00000000eb13ee78) 
thrown [s\src\hotspot\share\prims\jni.cpp, line 535]
Event: 5.171 Thread 0x00000155a8fa5ae0 Exception <a 'java/lang/NoSuchMethodError'{0x00000000eb1c3248}: 'int java.lang.invoke.Invokers$Holder.linkToTargetMethod(java.lang.Object, java.lang.Object)'> (0x00000000eb1c3248) 
thrown [s\src\hotspot\share\interpreter\linkResolver.cpp, line 759]
Event: 5.198 Thread 0x00000155a8fa55d0 Exception <a 'java/lang/NoSuchMethodError'{0x00000000eb35da08}: 'int java.lang.invoke.DirectMethodHandle$Holder.invokeSpecial(java.lang.Object, java.lang.Object, java.lang.Object, java.lang.Object)'> (0x00000000eb35da08) 
thrown [s\src\hotspot\share\interpreter\linkResolver.cpp, line 759]
Event: 5.203 Thread 0x00000155a8fa55d0 Exception <a 'java/lang/NoSuchMethodError'{0x00000000eb3b7c78}: 'java.lang.Object java.lang.invoke.DirectMethodHandle$Holder.invokeStatic(java.lang.Object, int, java.lang.Object, java.lang.Object)'> (0x00000000eb3b7c78) 
thrown [s\src\hotspot\share\interpreter\linkResolver.cpp, line 759]
Event: 5.203 Thread 0x00000155a8fa55d0 Exception <a 'java/lang/NoSuchMethodError'{0x00000000eb3c1120}: 'java.lang.Object java.lang.invoke.DelegatingMethodHandle$Holder.delegate(java.lang.Object, int, java.lang.Object, java.lang.Object)'> (0x00000000eb3c1120) 
thrown [s\src\hotspot\share\interpreter\linkResolver.cpp, line 759]
Event: 5.209 Thread 0x000001558b7f24c0 Exception <a 'sun/nio/fs/WindowsException'{0x00000000eb40ebd8}> (0x00000000eb40ebd8) 
thrown [s\src\hotspot\share\prims\jni.cpp, line 516]
Event: 5.209 Thread 0x00000155a8fa55d0 Exception <a 'java/lang/NoSuchMethodError'{0x00000000eb3f4b00}: 'int java.lang.invoke.Invokers$Holder.linkToTargetMethod(java.lang.Object, java.lang.Object, java.lang.Object)'> (0x00000000eb3f4b00) 
thrown [s\src\hotspot\share\interpreter\linkResolver.cpp, line 759]
Event: 5.214 Thread 0x00000155a8fa5ae0 Exception <a 'java/lang/NoSuchMethodError'{0x00000000eb48e230}: 'java.lang.Object java.lang.invoke.DirectMethodHandle$Holder.invokeSpecialIFC(java.lang.Object, java.lang.Object, java.lang.Object, java.lang.Object)'> (0x00000000eb48e230) 
thrown [s\src\hotspot\share\interpreter\linkResolver.cpp, line 759]
Event: 5.316 Thread 0x000001558b7f24c0 Exception <a 'java/lang/NoSuchMethodError'{0x00000000ebef07d8}: 'java.lang.Object java.lang.invoke.DirectMethodHandle$Holder.invokeStatic(java.lang.Object, java.lang.Object, long, java.lang.Object)'> (0x00000000ebef07d8) 
thrown [s\src\hotspot\share\interpreter\linkResolver.cpp, line 759]
Event: 5.317 Thread 0x000001558b7f24c0 Exception <a 'java/lang/NoSuchMethodError'{0x00000000ebef4270}: 'java.lang.Object java.lang.invoke.DirectMethodHandle$Holder.invokeStaticInit(java.lang.Object, java.lang.Object, long, java.lang.Object)'> (0x00000000ebef4270) 
thrown [s\src\hotspot\share\interpreter\linkResolver.cpp, line 759]
Event: 5.317 Thread 0x000001558b7f24c0 Exception <a 'java/lang/NoSuchMethodError'{0x00000000ebefaad8}: 'java.lang.Object java.lang.invoke.DirectMethodHandle$Holder.newInvokeSpecial(java.lang.Object, java.lang.Object, long)'> (0x00000000ebefaad8) 
thrown [s\src\hotspot\share\interpreter\linkResolver.cpp, line 759]
Event: 5.414 Thread 0x00000155a8fa5ae0 Exception <a 'java/lang/NoSuchMethodError'{0x00000000eaf119f8}: 'int java.lang.invoke.DirectMethodHandle$Holder.invokeSpecialIFC(java.lang.Object, java.lang.Object, java.lang.Object, java.lang.Object, java.lang.Object)'> (0x00000000eaf119f8) 
thrown [s\src\hotspot\share\interpreter\linkResolver.cpp, line 759]
Event: 5.550 Thread 0x00000155a8fa5ae0 Exception <a 'java/lang/NoClassDefFoundError'{0x00000000ebd84318}: javax/enterprise/inject/Typed> (0x00000000ebd84318) 
thrown [s\src\hotspot\share\classfile\systemDictionary.cpp, line 245]
Event: 5.647 Thread 0x000001558b7f24c0 Exception <a 'java/lang/NoSuchMethodError'{0x00000000eaf345d0}: 'void java.lang.invoke.DirectMethodHandle$Holder.invokeSpecial(java.lang.Object, java.lang.Object, java.lang.Object, java.lang.Object, java.lang.Object, java.lang.Object)'> (0x00000000eaf345d0) 
thrown [s\src\hotspot\share\interpreter\linkResolver.cpp, line 759]
Event: 5.648 Thread 0x000001558b7f24c0 Exception <a 'java/lang/IncompatibleClassChangeError'{0x00000000eaf3de00}: Found class java.lang.Object, but interface was expected> (0x00000000eaf3de00) 
thrown [s\src\hotspot\share\interpreter\linkResolver.cpp, line 826]

VM Operations (20 events):
Event: 4.742 Executing VM operation: HandshakeAllThreads
Event: 4.742 Executing VM operation: HandshakeAllThreads done
Event: 4.821 Executing VM operation: HandshakeAllThreads
Event: 4.821 Executing VM operation: HandshakeAllThreads done
Event: 4.870 Executing VM operation: HandshakeAllThreads
Event: 4.870 Executing VM operation: HandshakeAllThreads done
Event: 4.981 Executing VM operation: CollectForMetadataAllocation
Event: 5.005 Executing VM operation: CollectForMetadataAllocation done
Event: 5.121 Executing VM operation: HandshakeAllThreads
Event: 5.121 Executing VM operation: HandshakeAllThreads done
Event: 5.180 Executing VM operation: HandshakeAllThreads
Event: 5.180 Executing VM operation: HandshakeAllThreads done
Event: 5.202 Executing VM operation: HandshakeAllThreads
Event: 5.202 Executing VM operation: HandshakeAllThreads done
Event: 5.366 Executing VM operation: ParallelGCFailedAllocation
Event: 5.368 Executing VM operation: ParallelGCFailedAllocation done
Event: 5.537 Executing VM operation: HandshakeAllThreads
Event: 5.537 Executing VM operation: HandshakeAllThreads done
Event: 5.589 Executing VM operation: ParallelGCFailedAllocation
Event: 5.594 Executing VM operation: ParallelGCFailedAllocation done

Events (20 events):
Event: 5.498 loading class sun/reflect/generics/tree/ArrayTypeSignature
Event: 5.498 loading class sun/reflect/generics/tree/ArrayTypeSignature done
Event: 5.504 loading class sun/reflect/generics/tree/BooleanSignature
Event: 5.504 loading class sun/reflect/generics/tree/BooleanSignature done
Event: 5.536 loading class java/math/BigDecimal
Event: 5.537 loading class java/math/BigDecimal done
Event: 5.540 loading class java/lang/Short$ShortCache
Event: 5.540 loading class java/lang/Short$ShortCache done
Event: 5.550 loading class java/lang/annotation/IncompleteAnnotationException
Event: 5.550 loading class java/lang/annotation/IncompleteAnnotationException done
Event: 5.558 Thread 0x00000155a6b270f0 Thread added: 0x00000155a6b270f0
Event: 5.558 Thread 0x00000155a6b24120 Thread added: 0x00000155a6b24120
Event: 5.562 loading class java/util/concurrent/atomic/AtomicIntegerArray
Event: 5.562 loading class java/util/concurrent/atomic/AtomicIntegerArray done
Event: 5.575 loading class java/util/Currency
Event: 5.576 loading class java/util/Currency done
Event: 5.576 loading class jdk/internal/access/foreign/MemorySegmentProxy
Event: 5.576 loading class jdk/internal/access/foreign/MemorySegmentProxy done
Event: 5.583 loading class java/util/concurrent/atomic/AtomicLongArray
Event: 5.583 loading class java/util/concurrent/atomic/AtomicLongArray done


Dynamic libraries:
0x00007ff66d310000 - 0x00007ff66d31e000 	c:\Users\75678\.vscode\extensions\redhat.java-1.29.0-win32-x64\jre\17.0.10-win32-x86_64\bin\java.exe
0x00007ffd7e2f0000 - 0x00007ffd7e4e8000 	C:\WINDOWS\SYSTEM32\ntdll.dll
0x00007ffd7e140000 - 0x00007ffd7e1fd000 	C:\WINDOWS\System32\KERNEL32.DLL
0x00007ffd7ba90000 - 0x00007ffd7bd86000 	C:\WINDOWS\System32\KERNELBASE.dll
0x00007ffd7c220000 - 0x00007ffd7c320000 	C:\WINDOWS\System32\ucrtbase.dll
0x00007ffd73ef0000 - 0x00007ffd73f07000 	c:\Users\75678\.vscode\extensions\redhat.java-1.29.0-win32-x64\jre\17.0.10-win32-x86_64\bin\jli.dll
0x00007ffd7d380000 - 0x00007ffd7d51f000 	C:\WINDOWS\System32\USER32.dll
0x00007ffd7bdc0000 - 0x00007ffd7bde2000 	C:\WINDOWS\System32\win32u.dll
0x00007ffd7cf10000 - 0x00007ffd7cf3b000 	C:\WINDOWS\System32\GDI32.dll
0x00007ffd7bf30000 - 0x00007ffd7c047000 	C:\WINDOWS\System32\gdi32full.dll
0x00007ffd7b9a0000 - 0x00007ffd7ba3d000 	C:\WINDOWS\System32\msvcp_win.dll
0x00007ffd6ef20000 - 0x00007ffd6f1ba000 	C:\WINDOWS\WinSxS\amd64_microsoft.windows.common-controls_6595b64144ccf1df_6.0.19041.3636_none_60b6a03d71f818d5\COMCTL32.dll
0x00007ffd729e0000 - 0x00007ffd729fb000 	c:\Users\75678\.vscode\extensions\redhat.java-1.29.0-win32-x64\jre\17.0.10-win32-x86_64\bin\VCRUNTIME140.dll
0x00007ffd7d920000 - 0x00007ffd7d9be000 	C:\WINDOWS\System32\msvcrt.dll
0x00007ffd7d6d0000 - 0x00007ffd7d702000 	C:\WINDOWS\System32\IMM32.DLL
0x00007ffd73ee0000 - 0x00007ffd73eec000 	c:\Users\75678\.vscode\extensions\redhat.java-1.29.0-win32-x64\jre\17.0.10-win32-x86_64\bin\vcruntime140_1.dll
0x00007ffd462b0000 - 0x00007ffd4633d000 	c:\Users\75678\.vscode\extensions\redhat.java-1.29.0-win32-x64\jre\17.0.10-win32-x86_64\bin\msvcp140.dll
0x00007ffce62a0000 - 0x00007ffce6f02000 	c:\Users\75678\.vscode\extensions\redhat.java-1.29.0-win32-x64\jre\17.0.10-win32-x86_64\bin\server\jvm.dll
0x00007ffd7db70000 - 0x00007ffd7dc20000 	C:\WINDOWS\System32\ADVAPI32.dll
0x00007ffd7e0a0000 - 0x00007ffd7e140000 	C:\WINDOWS\System32\sechost.dll
0x00007ffd7d9c0000 - 0x00007ffd7dae3000 	C:\WINDOWS\System32\RPCRT4.dll
0x00007ffd7bd90000 - 0x00007ffd7bdb7000 	C:\WINDOWS\System32\bcrypt.dll
0x00007ffd7b510000 - 0x00007ffd7b55b000 	C:\WINDOWS\SYSTEM32\POWRPROF.dll
0x00007ffd751b0000 - 0x00007ffd751ba000 	C:\WINDOWS\SYSTEM32\VERSION.dll
0x00007ffd6d980000 - 0x00007ffd6d989000 	C:\WINDOWS\SYSTEM32\WSOCK32.dll
0x00007ffd6f4e0000 - 0x00007ffd6f507000 	C:\WINDOWS\SYSTEM32\WINMM.dll
0x00007ffd7dfd0000 - 0x00007ffd7e03b000 	C:\WINDOWS\System32\WS2_32.dll
0x00007ffd7b400000 - 0x00007ffd7b412000 	C:\WINDOWS\SYSTEM32\UMPDC.dll
0x00007ffd7a1f0000 - 0x00007ffd7a202000 	C:\WINDOWS\SYSTEM32\kernel.appcore.dll
0x00007ffd729c0000 - 0x00007ffd729ca000 	c:\Users\75678\.vscode\extensions\redhat.java-1.29.0-win32-x64\jre\17.0.10-win32-x86_64\bin\jimage.dll
0x00007ffd79fb0000 - 0x00007ffd7a194000 	C:\WINDOWS\SYSTEM32\DBGHELP.DLL
0x00007ffd73400000 - 0x00007ffd73434000 	C:\WINDOWS\SYSTEM32\dbgcore.DLL
0x00007ffd7bdf0000 - 0x00007ffd7be72000 	C:\WINDOWS\System32\bcryptPrimitives.dll
0x00007ffd72720000 - 0x00007ffd7272e000 	c:\Users\75678\.vscode\extensions\redhat.java-1.29.0-win32-x64\jre\17.0.10-win32-x86_64\bin\instrument.dll
0x00007ffd68230000 - 0x00007ffd68255000 	c:\Users\75678\.vscode\extensions\redhat.java-1.29.0-win32-x64\jre\17.0.10-win32-x86_64\bin\java.dll
0x00007ffd68800000 - 0x00007ffd68818000 	c:\Users\75678\.vscode\extensions\redhat.java-1.29.0-win32-x64\jre\17.0.10-win32-x86_64\bin\zip.dll
0x00007ffd7c320000 - 0x00007ffd7ca8b000 	C:\WINDOWS\System32\SHELL32.dll
0x00007ffd796d0000 - 0x00007ffd79e6e000 	C:\WINDOWS\SYSTEM32\windows.storage.dll
0x00007ffd7d020000 - 0x00007ffd7d373000 	C:\WINDOWS\System32\combase.dll
0x00007ffd7b360000 - 0x00007ffd7b38e000 	C:\WINDOWS\SYSTEM32\Wldp.dll
0x00007ffd7d710000 - 0x00007ffd7d7dd000 	C:\WINDOWS\System32\OLEAUT32.dll
0x00007ffd7dce0000 - 0x00007ffd7dd8d000 	C:\WINDOWS\System32\SHCORE.dll
0x00007ffd7dc80000 - 0x00007ffd7dcd5000 	C:\WINDOWS\System32\shlwapi.dll
0x00007ffd7b8d0000 - 0x00007ffd7b8f3000 	C:\WINDOWS\SYSTEM32\profapi.dll
0x00007ffd66300000 - 0x00007ffd66319000 	C:\Users\75678\.vscode\extensions\redhat.java-1.29.0-win32-x64\jre\17.0.10-win32-x86_64\bin\net.dll
0x00007ffd75dc0000 - 0x00007ffd75eca000 	C:\WINDOWS\SYSTEM32\WINHTTP.dll
0x00007ffd7b0c0000 - 0x00007ffd7b12a000 	C:\WINDOWS\system32\mswsock.dll
0x00007ffd662e0000 - 0x00007ffd662f6000 	C:\Users\75678\.vscode\extensions\redhat.java-1.29.0-win32-x64\jre\17.0.10-win32-x86_64\bin\nio.dll
0x00007ffd6da10000 - 0x00007ffd6da20000 	c:\Users\75678\.vscode\extensions\redhat.java-1.29.0-win32-x64\jre\17.0.10-win32-x86_64\bin\verify.dll
0x00007ffd60150000 - 0x00007ffd6018e000 	C:\Users\75678\AppData\Roaming\Code\User\globalStorage\redhat.java\1.29.0\config_win\org.eclipse.equinox.launcher\org.eclipse.equinox.launcher.win32.win32.x86_64_1.2.900.v20240213-1244\eclipse_11900.dll
0x00007ffd7d7e0000 - 0x00007ffd7d90b000 	C:\WINDOWS\System32\ole32.dll
0x00007ffd7b2c0000 - 0x00007ffd7b2d8000 	C:\WINDOWS\SYSTEM32\CRYPTSP.dll
0x00007ffd7a980000 - 0x00007ffd7a9b4000 	C:\WINDOWS\system32\rsaenh.dll
0x00007ffd7b850000 - 0x00007ffd7b87e000 	C:\WINDOWS\SYSTEM32\USERENV.dll
0x00007ffd7b2b0000 - 0x00007ffd7b2bc000 	C:\WINDOWS\SYSTEM32\CRYPTBASE.dll
0x00007ffd7ad40000 - 0x00007ffd7ad7b000 	C:\WINDOWS\SYSTEM32\IPHLPAPI.DLL
0x00007ffd7dd90000 - 0x00007ffd7dd98000 	C:\WINDOWS\System32\NSI.dll
0x00007ffd75560000 - 0x00007ffd75577000 	C:\WINDOWS\SYSTEM32\dhcpcsvc6.DLL
0x00007ffd754f0000 - 0x00007ffd7550d000 	C:\WINDOWS\SYSTEM32\dhcpcsvc.DLL
0x00007ffd7ad80000 - 0x00007ffd7ae4b000 	C:\WINDOWS\SYSTEM32\DNSAPI.dll
0x00007ffd607f0000 - 0x00007ffd60835000 	C:\Users\75678\AppData\Local\Temp\jna-52426233\jna3651089738629093729.dll
0x00007ffd7d910000 - 0x00007ffd7d918000 	C:\WINDOWS\System32\PSAPI.DLL

dbghelp: loaded successfully - version: 4.0.5 - missing functions: none
symbol engine: initialized successfully - sym options: 0x614 - pdb path: .;c:\Users\75678\.vscode\extensions\redhat.java-1.29.0-win32-x64\jre\17.0.10-win32-x86_64\bin;C:\WINDOWS\SYSTEM32;C:\WINDOWS\WinSxS\amd64_microsoft.windows.common-controls_6595b64144ccf1df_6.0.19041.3636_none_60b6a03d71f818d5;c:\Users\75678\.vscode\extensions\redhat.java-1.29.0-win32-x64\jre\17.0.10-win32-x86_64\bin\server;C:\Users\75678\AppData\Roaming\Code\User\globalStorage\redhat.java\1.29.0\config_win\org.eclipse.equinox.launcher\org.eclipse.equinox.launcher.win32.win32.x86_64_1.2.900.v20240213-1244;C:\Users\75678\AppData\Local\Temp\jna-52426233

VM Arguments:
jvm_args: --add-modules=ALL-SYSTEM --add-opens=java.base/java.util=ALL-UNNAMED --add-opens=java.base/java.lang=ALL-UNNAMED --add-opens=java.base/sun.nio.fs=ALL-UNNAMED -Declipse.application=org.eclipse.jdt.ls.core.id1 -Dosgi.bundles.defaultStartLevel=4 -Declipse.product=org.eclipse.jdt.ls.core.product -Djava.import.generatesMetadataFilesAtProjectRoot=false -DDetectVMInstallationsJob.disabled=true -Dfile.encoding=utf8 -XX:+UseParallelGC -XX:GCTimeRatio=4 -XX:AdaptiveSizePolicyWeight=90 -Dsun.zip.disableMemoryMapping=true -Xmx1G -Xms100m -Xlog:disable -javaagent:c:\Users\75678\.vscode\extensions\redhat.java-1.29.0-win32-x64\lombok\lombok-1.18.32.jar -XX:+HeapDumpOnOutOfMemoryError -XX:HeapDumpPath=c:\Users\75678\AppData\Roaming\Code\User\workspaceStorage\3f827f921e61194e3b2890c7be975000\redhat.java -Daether.dependencyCollector.impl=bf 
java_command: c:\Users\75678\.vscode\extensions\redhat.java-1.29.0-win32-x64\server\plugins\org.eclipse.equinox.launcher_1.6.800.v20240304-1850.jar -configuration c:\Users\75678\AppData\Roaming\Code\User\globalStorage\redhat.java\1.29.0\config_win -data c:\Users\75678\AppData\Roaming\Code\User\workspaceStorage\3f827f921e61194e3b2890c7be975000\redhat.java\jdt_ws --stdio
java_class_path (initial): c:\Users\75678\.vscode\extensions\redhat.java-1.29.0-win32-x64\server\plugins\org.eclipse.equinox.launcher_1.6.800.v20240304-1850.jar
Launcher Type: SUN_STANDARD

[Global flags]
    uintx AdaptiveSizePolicyWeight                 = 90                                        {product} {command line}
     intx CICompilerCount                          = 12                                        {product} {ergonomic}
    uintx GCTimeRatio                              = 4                                         {product} {command line}
     bool HeapDumpOnOutOfMemoryError               = true                                   {manageable} {command line}
    ccstr HeapDumpPath                             = c:\Users\75678\AppData\Roaming\Code\User\workspaceStorage\3f827f921e61194e3b2890c7be975000\redhat.java         {manageable} {command line}
   size_t InitialHeapSize                          = 104857600                                 {product} {command line}
   size_t MaxHeapSize                              = 1073741824                                {product} {command line}
   size_t MaxNewSize                               = 357564416                                 {product} {ergonomic}
   size_t MinHeapDeltaBytes                        = 524288                                    {product} {ergonomic}
   size_t MinHeapSize                              = 104857600                                 {product} {command line}
   size_t NewSize                                  = 34603008                                  {product} {ergonomic}
    uintx NonNMethodCodeHeapSize                   = 7602480                                {pd product} {ergonomic}
    uintx NonProfiledCodeHeapSize                  = 122027880                              {pd product} {ergonomic}
   size_t OldSize                                  = 70254592                                  {product} {ergonomic}
    uintx ProfiledCodeHeapSize                     = 122027880                              {pd product} {ergonomic}
    uintx ReservedCodeCacheSize                    = 251658240                              {pd product} {ergonomic}
     bool SegmentedCodeCache                       = true                                      {product} {ergonomic}
   size_t SoftMaxHeapSize                          = 1073741824                             {manageable} {ergonomic}
     bool UseCompressedClassPointers               = true                           {product lp64_product} {ergonomic}
     bool UseCompressedOops                        = true                           {product lp64_product} {ergonomic}
     bool UseLargePagesIndividualAllocation        = false                                  {pd product} {ergonomic}
     bool UseParallelGC                            = true                                      {product} {command line}

Logging:
Log output configuration:
 #0: stdout all=off uptime,level,tags
 #1: stderr all=off uptime,level,tags

Environment Variables:
JAVA_HOME=D:\Java\jdk-17
PATH=C:\Program Files\Common Files\Oracle\Java\javapath;D:\visual studio\Community\VC\Tools\MSVC\14.29.30037\bin\Hostx86\x64;C:\Program Files\dotnet\;C:\MinGW\mingw64\bin;C:\Program Files\Pandoc\;C:\Program Files\Inkscape\bin;C:\Program Files\MiKTeX\miktex\bin\x64\;C:\Program Files\Microsoft SQL Server\130\Tools\Binn\;C:\Program Files\Microsoft SQL Server\Client SDK\ODBC\170\Tools\Binn\;C:\Program Files (x86)\Google\Cloud SDK\google-cloud-sdk\bin;C:\Program Files\Git\cmd;C:\ProgramData\chocolatey\bin;D:\nvm;D:\nodejs;C:\Users\75678\AppData\Local\Programs\Python\Python312;C:\Program Files\MySQL\MySQL Shell 8.0\bin\;C:\Users\75678\AppData\Local\Microsoft\WindowsApps;C:\Users\75678\.dotnet\tools;D:\Java\jdk-17\bin;D:\Java\IntelliJ_IDEA_Community_Edition_2021.3.2\bin;C:\Users\75678\AppData\Roaming\npm;C:\Windows\System32;C:\VSCode\bin;C:\MinGW\mingw64\x86_64-w64-mingw32\include;C:\MinGW\mingw64\lib\gcc\x86_64-w64-mingw32\8.1.0\include;C:\Users\75678\AppData\Local\GitHubDesktop\bin;D:\apache-maven-3.8.8\bin;C:\Users\75678\AppData\Local\Programs\Python\Python312\Scripts\
USERNAME=75678
OS=Windows_NT
PROCESSOR_IDENTIFIER=AMD64 Family 23 Model 96 Stepping 1, AuthenticAMD
TMP=C:\Users\75678\AppData\Local\Temp
TEMP=C:\Users\75678\AppData\Local\Temp



Periodic native trim disabled


---------------  S Y S T E M  ---------------

OS:
 Windows 10 , 64 bit Build 19041 (10.0.19041.3636)
OS uptime: 2 days 11:36 hours

CPU: total 16 (initial active 16) (16 cores per cpu, 2 threads per core) family 23 model 96 stepping 1 microcode 0x0, cx8, cmov, fxsr, ht, mmx, 3dnowpref, sse, sse2, sse3, ssse3, sse4a, sse4.1, sse4.2, popcnt, lzcnt, tsc, tscinvbit, avx, avx2, aes, clmul, bmi1, bmi2, adx, sha, fma, vzeroupper, clflush, clflushopt
Processor Information for all 16 processors :
  Max Mhz: 2900, Current Mhz: 2900, Mhz Limit: 2900

Memory: 4k page, system-wide physical 15741M (1099M free)
TotalPageFile size 64893M (AvailPageFile size 5M)
current process WorkingSet (physical memory assigned to process): 199M, peak: 202M
current process commit charge ("private bytes"): 313M, peak: 314M

vm_info: OpenJDK 64-Bit Server VM (17.0.10+7) for windows-amd64 JRE (17.0.10+7), built on Jan 16 2024 23:25:11 by "admin" with MS VC++ 16.10 / 16.11 (VS2019)

END.
